
 ==================================================================================================================================
 Application Version :  (v19.14.8)
 Application Title : acctadmin
 Spring Boot Version :  (v2.1.0.RELEASE)
 ==================================================================================================================================
2021-May-25 17:12:17.625   INFO  [main] c.g.a.Application - Starting Application v19.14.8 on dev-geodedev.geode.fmr.com with PID 7 (/opt/geode-acctadmin-boot-19.14.8.jar started by gcmprod in /)
2021-May-25 17:12:17.631   INFO  [main] c.g.a.Application - The following profiles are active: uat,force_scheduler_start
2021-May-25 17:12:19.200   INFO  [main] o.s.d.r.c.RepositoryConfigurationDelegate - Multiple Spring Data modules found, entering strict repository configuration mode!
2021-May-25 17:12:19.201   INFO  [main] o.s.d.r.c.RepositoryConfigurationDelegate - Bootstrapping Spring Data repositories in DEFAULT mode.
2021-May-25 17:12:19.376   INFO  [main] o.s.d.r.c.RepositoryConfigurationDelegate - Finished Spring Data repository scanning in 162ms. Found 2 repository interfaces.
2021-May-25 17:12:19.882   INFO  [main] o.s.d.r.c.RepositoryConfigurationDelegate - Multiple Spring Data modules found, entering strict repository configuration mode!
2021-May-25 17:12:19.883   INFO  [main] o.s.d.r.c.RepositoryConfigurationDelegate - Bootstrapping Spring Data repositories in DEFAULT mode.
2021-May-25 17:12:19.897   INFO  [main] o.s.d.r.c.RepositoryConfigurationDelegate - Finished Spring Data repository scanning in 13ms. Found 0 repository interfaces.
2021-May-25 17:12:20.514   INFO  [main] c.u.j.c.EnableEncryptablePropertiesBeanFactoryPostProcessor - Post-processing PropertySource instances
2021-May-25 17:12:20.780   INFO  [main] c.u.j.EncryptablePropertySourceConverter - Converting PropertySource configurationProperties [org.springframework.boot.context.properties.source.ConfigurationPropertySourcesPropertySource] to AOP Proxy
2021-May-25 17:12:20.780   INFO  [main] c.u.j.EncryptablePropertySourceConverter - Converting PropertySource commandLineArgs [org.springframework.core.env.SimpleCommandLinePropertySource] to EncryptableEnumerablePropertySourceWrapper
2021-May-25 17:12:20.781   INFO  [main] c.u.j.EncryptablePropertySourceConverter - Converting PropertySource servletConfigInitParams [org.springframework.core.env.PropertySource$StubPropertySource] to EncryptablePropertySourceWrapper
2021-May-25 17:12:20.781   INFO  [main] c.u.j.EncryptablePropertySourceConverter - Converting PropertySource servletContextInitParams [org.springframework.core.env.PropertySource$StubPropertySource] to EncryptablePropertySourceWrapper
2021-May-25 17:12:20.782   INFO  [main] c.u.j.EncryptablePropertySourceConverter - Converting PropertySource systemProperties [org.springframework.core.env.MapPropertySource] to EncryptableMapPropertySourceWrapper
2021-May-25 17:12:20.783   INFO  [main] c.u.j.EncryptablePropertySourceConverter - Converting PropertySource systemEnvironment [org.springframework.boot.env.SystemEnvironmentPropertySourceEnvironmentPostProcessor$OriginAwareSystemEnvironmentPropertySource] to EncryptableMapPropertySourceWrapper
2021-May-25 17:12:20.785   INFO  [main] c.u.j.EncryptablePropertySourceConverter - Converting PropertySource random [org.springframework.boot.env.RandomValuePropertySource] to EncryptablePropertySourceWrapper
2021-May-25 17:12:20.786   INFO  [main] c.u.j.EncryptablePropertySourceConverter - Converting PropertySource applicationConfig: [file:/opt/application.properties] [org.springframework.boot.env.OriginTrackedMapPropertySource] to EncryptableMapPropertySourceWrapper
2021-May-25 17:12:20.912   INFO  [main] o.s.c.s.PostProcessorRegistrationDelegate$BeanPostProcessorChecker - Bean 'org.springframework.kafka.annotation.KafkaBootstrapConfiguration' of type [org.springframework.kafka.annotation.KafkaBootstrapConfiguration$$EnhancerBySpringCGLIB$$d5ff9eb8] is not eligible for getting processed by all BeanPostProcessors (for example: not eligible for auto-proxying)
2021-May-25 17:12:20.938   INFO  [main] c.u.j.f.DefaultLazyPropertyFilter - Property Filter custom Bean not found with name 'encryptablePropertyFilter'. Initializing Default Property Filter
2021-May-25 17:12:21.226   INFO  [main] o.s.c.s.PostProcessorRegistrationDelegate$BeanPostProcessorChecker - Bean 'org.springframework.transaction.annotation.ProxyTransactionManagementConfiguration' of type [org.springframework.transaction.annotation.ProxyTransactionManagementConfiguration$$EnhancerBySpringCGLIB$$24d8d35] is not eligible for getting processed by all BeanPostProcessors (for example: not eligible for auto-proxying)
2021-May-25 17:12:21.287   INFO  [main] o.s.c.s.PostProcessorRegistrationDelegate$BeanPostProcessorChecker - Bean 'org.springframework.security.config.annotation.configuration.ObjectPostProcessorConfiguration' of type [org.springframework.security.config.annotation.configuration.ObjectPostProcessorConfiguration$$EnhancerBySpringCGLIB$$9afb556f] is not eligible for getting processed by all BeanPostProcessors (for example: not eligible for auto-proxying)
2021-May-25 17:12:21.297   INFO  [main] o.s.c.s.PostProcessorRegistrationDelegate$BeanPostProcessorChecker - Bean 'objectPostProcessor' of type [org.springframework.security.config.annotation.configuration.AutowireBeanFactoryObjectPostProcessor] is not eligible for getting processed by all BeanPostProcessors (for example: not eligible for auto-proxying)
2021-May-25 17:12:21.300   INFO  [main] o.s.c.s.PostProcessorRegistrationDelegate$BeanPostProcessorChecker - Bean 'org.springframework.security.access.expression.method.DefaultMethodSecurityExpressionHandler@b978d10' of type [org.springframework.security.access.expression.method.DefaultMethodSecurityExpressionHandler] is not eligible for getting processed by all BeanPostProcessors (for example: not eligible for auto-proxying)
2021-May-25 17:12:21.306   INFO  [main] o.s.c.s.PostProcessorRegistrationDelegate$BeanPostProcessorChecker - Bean 'org.springframework.security.config.annotation.method.configuration.GlobalMethodSecurityConfiguration' of type [org.springframework.security.config.annotation.method.configuration.GlobalMethodSecurityConfiguration$$EnhancerBySpringCGLIB$$bfcff821] is not eligible for getting processed by all BeanPostProcessors (for example: not eligible for auto-proxying)
2021-May-25 17:12:21.318   INFO  [main] o.s.c.s.PostProcessorRegistrationDelegate$BeanPostProcessorChecker - Bean 'org.springframework.security.config.annotation.method.configuration.Jsr250MetadataSourceConfiguration' of type [org.springframework.security.config.annotation.method.configuration.Jsr250MetadataSourceConfiguration$$EnhancerBySpringCGLIB$$e5251037] is not eligible for getting processed by all BeanPostProcessors (for example: not eligible for auto-proxying)
2021-May-25 17:12:21.324   INFO  [main] o.s.c.s.PostProcessorRegistrationDelegate$BeanPostProcessorChecker - Bean 'jsr250MethodSecurityMetadataSource' of type [org.springframework.security.access.annotation.Jsr250MethodSecurityMetadataSource] is not eligible for getting processed by all BeanPostProcessors (for example: not eligible for auto-proxying)
2021-May-25 17:12:21.326   INFO  [main] o.s.c.s.PostProcessorRegistrationDelegate$BeanPostProcessorChecker - Bean 'methodSecurityMetadataSource' of type [org.springframework.security.access.method.DelegatingMethodSecurityMetadataSource] is not eligible for getting processed by all BeanPostProcessors (for example: not eligible for auto-proxying)
2021-May-25 17:12:21.434   INFO  [main] c.u.j.r.DefaultLazyPropertyResolver - Property Resolver custom Bean not found with name 'encryptablePropertyResolver'. Initializing Default Property Resolver
2021-May-25 17:12:21.436   INFO  [main] c.u.j.d.DefaultLazyPropertyDetector - Property Detector custom Bean not found with name 'encryptablePropertyDetector'. Initializing Default Property Detector
2021-May-25 17:12:21.962   INFO  [main] o.s.b.w.e.t.TomcatWebServer - Tomcat initialized with port(s): 8058 (http)
2021-May-25 17:12:21.986   INFO  [main] o.a.c.h.Http11NioProtocol - Initializing ProtocolHandler ["http-nio-8058"]
2021-May-25 17:12:21.997   INFO  [main] o.a.c.c.StandardService - Starting service [Tomcat]
2021-May-25 17:12:21.997   INFO  [main] o.a.c.c.StandardEngine - Starting Servlet Engine: Apache Tomcat/9.0.12
2021-May-25 17:12:22.013   INFO  [main] o.a.c.c.AprLifecycleListener - The APR based Apache Tomcat Native library which allows optimal performance in production environments was not found on the java.library.path: [/usr/java/packages/lib/amd64:/usr/lib64:/lib64:/lib:/usr/lib]
2021-May-25 17:12:22.129   INFO  [main] o.a.c.c.C.[.[.[/acctadmin] - Initializing Spring embedded WebApplicationContext
2021-May-25 17:12:22.129   INFO  [main] o.s.w.c.ContextLoader - Root WebApplicationContext: initialization completed in 4373 ms
2021-May-25 17:12:22.945   INFO  [main] o.e.j.ConfigurationMerger - Configuration of cache holidayCache will be supplemented by template holiday-template
2021-May-25 17:12:23.081   INFO  [main] o.t.o.p.UpfrontAllocatingPageSource - Allocating 100.0MB in chunks
2021-May-25 17:12:23.199   INFO  [main] o.e.c.EhcacheManager - Cache 'holidayCache' created in EhcacheManager.
2021-May-25 17:12:23.206   INFO  [main] o.e.j.Eh107CacheManager - Registering Ehcache MBean javax.cache:type=CacheStatistics,CacheManager=jar.file./opt/geode-acctadmin-boot-19.14.8.jar!/BOOT-INF/classes!/ehcache.xml,Cache=holidayCache
2021-May-25 17:12:23.213   INFO  [main] o.e.j.ConfigurationMerger - Configuration of cache countryCache will be supplemented by template country-template
2021-May-25 17:12:23.224   INFO  [main] o.t.o.p.UpfrontAllocatingPageSource - Allocating 100.0MB in chunks
2021-May-25 17:12:23.276   INFO  [main] o.e.c.EhcacheManager - Cache 'countryCache' created in EhcacheManager.
2021-May-25 17:12:23.277   INFO  [main] o.e.j.Eh107CacheManager - Registering Ehcache MBean javax.cache:type=CacheStatistics,CacheManager=jar.file./opt/geode-acctadmin-boot-19.14.8.jar!/BOOT-INF/classes!/ehcache.xml,Cache=countryCache
2021-May-25 17:12:23.283   INFO  [main] o.e.j.ConfigurationMerger - Configuration of cache calendarCache will be supplemented by template calendar-template
2021-May-25 17:12:23.293   INFO  [main] o.t.o.p.UpfrontAllocatingPageSource - Allocating 100.0MB in chunks
2021-May-25 17:12:23.339   INFO  [main] o.e.c.EhcacheManager - Cache 'calendarCache' created in EhcacheManager.
2021-May-25 17:12:23.341   INFO  [main] o.e.j.Eh107CacheManager - Registering Ehcache MBean javax.cache:type=CacheStatistics,CacheManager=jar.file./opt/geode-acctadmin-boot-19.14.8.jar!/BOOT-INF/classes!/ehcache.xml,Cache=calendarCache
2021-May-25 17:12:23.346   INFO  [main] o.e.c.EhcacheManager - Cache 'iborSecurityCache' created in EhcacheManager.
2021-May-25 17:12:23.347   INFO  [main] o.e.j.Eh107CacheManager - Registering Ehcache MBean javax.cache:type=CacheStatistics,CacheManager=jar.file./opt/geode-acctadmin-boot-19.14.8.jar!/BOOT-INF/classes!/ehcache.xml,Cache=iborSecurityCache
2021-May-25 17:12:23.353   INFO  [main] o.e.j.Eh107CacheManager - Registering Ehcache MBean javax.cache:type=CacheStatistics,CacheManager=jar.file./opt/geode-acctadmin-boot-19.14.8.jar!/BOOT-INF/classes!/ehcache.xml,Cache=calendarCache
2021-May-25 17:12:23.354   INFO  [main] o.e.j.Eh107CacheManager - Registering Ehcache MBean javax.cache:type=CacheStatistics,CacheManager=jar.file./opt/geode-acctadmin-boot-19.14.8.jar!/BOOT-INF/classes!/ehcache.xml,Cache=holidayCache
2021-May-25 17:12:23.355   INFO  [main] o.e.j.Eh107CacheManager - Registering Ehcache MBean javax.cache:type=CacheStatistics,CacheManager=jar.file./opt/geode-acctadmin-boot-19.14.8.jar!/BOOT-INF/classes!/ehcache.xml,Cache=countryCache
2021-May-25 17:12:23.355   INFO  [main] o.e.j.Eh107CacheManager - Registering Ehcache MBean javax.cache:type=CacheStatistics,CacheManager=jar.file./opt/geode-acctadmin-boot-19.14.8.jar!/BOOT-INF/classes!/ehcache.xml,Cache=iborSecurityCache
2021-May-25 17:12:23.426   INFO  [main] c.g.c.l.c.LdapConfig - ##########################################################################
2021-May-25 17:12:23.426   INFO  [main] c.g.c.l.c.LdapConfig - ########################### LDAP context loading #########################
2021-May-25 17:12:23.445   INFO  [main] c.g.c.l.c.LdapConfig - ########################### LDAP context loaded ##########################
2021-May-25 17:12:23.445   INFO  [main] c.g.c.l.c.LdapConfig - ##########################################################################
2021-May-25 17:12:24.085   INFO  [main] o.s.b.w.s.FilterRegistrationBean - Mapping filter: 'characterEncodingFilter' to: [/*]
2021-May-25 17:12:24.086   INFO  [main] o.s.b.w.s.FilterRegistrationBean - Mapping filter: 'webMvcMetricsFilter' to: [/*]
2021-May-25 17:12:24.086   INFO  [main] o.s.b.w.s.FilterRegistrationBean - Mapping filter: 'hiddenHttpMethodFilter' to: [/*]
2021-May-25 17:12:24.086   INFO  [main] o.s.b.w.s.FilterRegistrationBean - Mapping filter: 'formContentFilter' to: [/*]
2021-May-25 17:12:24.086   INFO  [main] o.s.b.w.s.FilterRegistrationBean - Mapping filter: 'requestContextFilter' to: [/*]
2021-May-25 17:12:24.087   INFO  [main] o.s.b.w.s.DelegatingFilterProxyRegistrationBean - Mapping filter: 'springSecurityFilterChain' to: [/*]
2021-May-25 17:12:24.087   INFO  [main] o.s.b.w.s.FilterRegistrationBean - Mapping filter: 'httpTraceFilter' to: [/*]
2021-May-25 17:12:24.087   INFO  [main] o.s.b.w.s.FilterRegistrationBean - Mapping filter: 'authenticationFilter' to: [/*]
2021-May-25 17:12:24.087   INFO  [main] o.s.b.w.s.FilterRegistrationBean - Mapping filter: 'mdcFilter' to: [/*]
2021-May-25 17:12:24.087   INFO  [main] o.s.b.w.s.ServletRegistrationBean - Servlet dispatcherServlet mapped to [/]
2021-May-25 17:12:24.210   INFO  [main] o.h.j.i.u.LogHelper - HHH000204: Processing PersistenceUnitInfo [
        name: default
        ...]
2021-May-25 17:12:24.307   INFO  [main] o.h.Version - HHH000412: Hibernate Core {5.2.5.Final}
2021-May-25 17:12:24.310   INFO  [main] o.h.c.Environment - HHH000206: hibernate.properties not found
2021-May-25 17:12:24.362   INFO  [main] o.h.a.c.Version - HCANN000001: Hibernate Commons Annotations {5.0.1.Final}
2021-May-25 17:12:26.488   INFO  [main] o.h.d.Dialect - HHH000400: Using dialect: org.hibernate.dialect.SQLServerDialect
2021-May-25 17:12:27.273   INFO  [main] o.s.o.j.LocalContainerEntityManagerFactoryBean - Initialized JPA EntityManagerFactory for persistence unit 'default'
2021-May-25 17:12:27.660   INFO  [main] o.h.d.Dialect - HHH000400: Using dialect: org.hibernate.dialect.SQLServerDialect
2021-May-25 17:12:28.275   INFO  [main] o.h.h.i.QueryTranslatorFactoryInitiator - HHH000397: Using ASTQueryTranslatorFactory
2021-May-25 17:12:29.116   INFO  [main] c.g.c.c.s.HolidayService - HolidayService::getHolidays::holidayList.size() :16347
2021-May-25 17:12:30.178   WARN  [main] o.s.b.w.s.c.AnnotationConfigServletWebServerApplicationContext - Exception encountered during context initialization - cancelling refresh attempt: org.springframework.beans.factory.BeanCreationException: Error creating bean with name 'schedulerConfigParser': Injection of autowired dependencies failed; nested exception is java.lang.IllegalArgumentException: Could not resolve placeholder 'geode.scheduler.default.notify.failure' in value "${geode.scheduler.default.notify.failure}"
2021-May-25 17:12:30.181   INFO  [main] o.s.o.j.LocalContainerEntityManagerFactoryBean - Closing JPA EntityManagerFactory for persistence unit 'default'
2021-May-25 17:12:30.198   INFO  [main] o.e.c.EhcacheManager - Cache 'calendarCache' removed from EhcacheManager.
2021-May-25 17:12:30.200   INFO  [main] o.e.c.EhcacheManager - Cache 'holidayCache' removed from EhcacheManager.
2021-May-25 17:12:30.201   INFO  [main] o.e.c.EhcacheManager - Cache 'countryCache' removed from EhcacheManager.
2021-May-25 17:12:30.202   INFO  [main] o.e.c.EhcacheManager - Cache 'iborSecurityCache' removed from EhcacheManager.
2021-May-25 17:12:30.206   INFO  [main] o.a.c.c.StandardService - Stopping service [Tomcat]
2021-May-25 17:12:30.224   INFO  [main] o.s.b.a.l.ConditionEvaluationReportLoggingListener -

Error starting ApplicationContext. To display the conditions report re-run your application with 'debug' enabled.
2021-May-25 17:12:30.228   ERROR [main] o.s.b.SpringApplication - Application run failed
org.springframework.beans.factory.BeanCreationException: Error creating bean with name 'schedulerConfigParser': Injection of autowired dependencies failed; nested exception is java.lang.IllegalArgumentException: Could not resolve placeholder 'geode.scheduler.default.notify.failure' in value "${geode.scheduler.default.notify.failure}"
