[Configuring] 'uat.port' in '/opt/kafka/config/server.properties'
[Configuring] 'advertised.port' in '/opt/kafka/config/server.properties'
Excluding KAFKA_HOME from broker config
[Configuring] 'advertised.host.name' in '/opt/kafka/config/server.properties'
[Configuring] 'uat.port.9092.tcp.proto' in '/opt/kafka/config/server.properties'
[Configuring] 'port' in '/opt/kafka/config/server.properties'
[Configuring] 'uat.service.host' in '/opt/kafka/config/server.properties'
[Configuring] 'advertised.listeners' in '/opt/kafka/config/server.properties'
[Configuring] 'uat.service.port' in '/opt/kafka/config/server.properties'
[Configuring] 'broker.id' in '/opt/kafka/config/server.properties'
[Configuring] 'uat.port.9092.tcp' in '/opt/kafka/config/server.properties'
Excluding KAFKA_VERSION from broker config
[Configuring] 'listeners' in '/opt/kafka/config/server.properties'
[Configuring] 'zookeeper.connect' in '/opt/kafka/config/server.properties'
[Configuring] 'uat.port.9092.tcp.addr' in '/opt/kafka/config/server.properties'
[Configuring] 'log.dirs' in '/opt/kafka/config/server.properties'
[Configuring] 'uat.port.9092.tcp.port' in '/opt/kafka/config/server.properties'
[2021-05-17 04:37:12,174] INFO Registered kafka:type=kafka.Log4jController MBean (kafka.utils.Log4jControllerRegistration$)
[2021-05-17 04:37:12,994] INFO Setting -D jdk.tls.rejectClientInitiatedRenegotiation=true to disable client-initiated TLS renegotiation (org.apache.zookeeper.common.X509Util)
[2021-05-17 04:37:13,197] INFO Registered signal handlers for TERM, INT, HUP (org.apache.kafka.common.utils.LoggingSignalHandler)
[2021-05-17 04:37:13,203] INFO starting (kafka.server.KafkaServer)
[2021-05-17 04:37:13,204] INFO Connecting to zookeeper on zookeeper-uat:2181 (kafka.server.KafkaServer)
[2021-05-17 04:37:13,276] INFO [ZooKeeperClient Kafka server] Initializing a new session to zookeeper-uat:2181. (kafka.zookeeper.ZooKeeperClient)
[2021-05-17 04:37:13,282] INFO Client environment:zookeeper.version=3.5.8-f439ca583e70862c3068a1f2a7d4d068eec33315, built on 05/04/2020 15:53 GMT (org.apache.zookeeper.ZooKeeper)
[2021-05-17 04:37:13,282] INFO Client environment:host.name=kafka-uat-bb48cbbfd-97qgv (org.apache.zookeeper.ZooKeeper)
[2021-05-17 04:37:13,282] INFO Client environment:java.version=1.8.0_212 (org.apache.zookeeper.ZooKeeper)
[2021-05-17 04:37:13,282] INFO Client environment:java.vendor=IcedTea (org.apache.zookeeper.ZooKeeper)
[2021-05-17 04:37:13,282] INFO Client environment:java.home=/usr/lib/jvm/java-1.8-openjdk/jre (org.apache.zookeeper.ZooKeeper)
[2021-05-17 04:37:13,282] INFO Client environment:java.class.path=/opt/kafka/bin/../libs/activation-1.1.1.jar:/opt/kafka/bin/../libs/aopalliance-repackaged-2.6.1.jar:/opt/kafka/bin/../libs/argparse4j-0.7.0.jar:/opt/kafka/bin/../libs/audience-annotations-0.5.0.jar:/opt/kafka/bin/../libs/commons-cli-1.4.jar:/opt/kafka/bin/../libs/commons-lang3-3.8.1.jar:/opt/kafka/bin/../libs/connect-api-2.7.0.jar:/opt/kafka/bin/../libs/connect-basic-auth-extension-2.7.0.jar:/opt/kafka/bin/../libs/connect-file-2.7.0.jar:/opt/kafka/bin/../libs/connect-json-2.7.0.jar:/opt/kafka/bin/../libs/connect-mirror-2.7.0.jar:/opt/kafka/bin/../libs/connect-mirror-client-2.7.0.jar:/opt/kafka/bin/../libs/connect-runtime-2.7.0.jar:/opt/kafka/bin/../libs/connect-transforms-2.7.0.jar:/opt/kafka/bin/../libs/hk2-api-2.6.1.jar:/opt/kafka/bin/../libs/hk2-locator-2.6.1.jar:/opt/kafka/bin/../libs/hk2-utils-2.6.1.jar:/opt/kafka/bin/../libs/jackson-annotations-2.10.5.jar:/opt/kafka/bin/../libs/jackson-core-2.10.5.jar:/opt/kafka/bin/../libs/jackson-databind-2.10.5.1.jar:/opt/kafka/bin/../libs/jackson-dataformat-csv-2.10.5.jar:/opt/kafka/bin/../libs/jackson-datatype-jdk8-2.10.5.jar:/opt/kafka/bin/../libs/jackson-jaxrs-base-2.10.5.jar:/opt/kafka/bin/../libs/jackson-jaxrs-json-provider-2.10.5.jar:/opt/kafka/bin/../libs/jackson-module-jaxb-annotations-2.10.5.jar:/opt/kafka/bin/../libs/jackson-module-paranamer-2.10.5.jar:/opt/kafka/bin/../libs/jackson-module-scala_2.13-2.10.5.jar:/opt/kafka/bin/../libs/jakarta.activation-api-1.2.1.jar:/opt/kafka/bin/../libs/jakarta.annotation-api-1.3.5.jar:/opt/kafka/bin/../libs/jakarta.inject-2.6.1.jar:/opt/kafka/bin/../libs/jakarta.validation-api-2.0.2.jar:/opt/kafka/bin/../libs/jakarta.ws.rs-api-2.1.6.jar:/opt/kafka/bin/../libs/jakarta.xml.bind-api-2.3.2.jar:/opt/kafka/bin/../libs/javassist-3.25.0-GA.jar:/opt/kafka/bin/../libs/javassist-3.26.0-GA.jar:/opt/kafka/bin/../libs/javax.servlet-api-3.1.0.jar:/opt/kafka/bin/../libs/javax.ws.rs-api-2.1.1.jar:/opt/kafka/bin/../libs/jaxb-api-2.3.0.jar:/opt/kafka/bin/../libs/jersey-client-2.31.jar:/opt/kafka/bin/../libs/jersey-common-2.31.jar:/opt/kafka/bin/../libs/jersey-container-servlet-2.31.jar:/opt/kafka/bin/../libs/jersey-container-servlet-core-2.31.jar:/opt/kafka/bin/../libs/jersey-hk2-2.31.jar:/opt/kafka/bin/../libs/jersey-media-jaxb-2.31.jar:/opt/kafka/bin/../libs/jersey-server-2.31.jar:/opt/kafka/bin/../libs/jetty-client-9.4.33.v20201020.jar:/opt/kafka/bin/../libs/jetty-continuation-9.4.33.v20201020.jar:/opt/kafka/bin/../libs/jetty-http-9.4.33.v20201020.jar:/opt/kafka/bin/../libs/jetty-io-9.4.33.v20201020.jar:/opt/kafka/bin/../libs/jetty-security-9.4.33.v20201020.jar:/opt/kafka/bin/../libs/jetty-server-9.4.33.v20201020.jar:/opt/kafka/bin/../libs/jetty-servlet-9.4.33.v20201020.jar:/opt/kafka/bin/../libs/jetty-servlets-9.4.33.v20201020.jar:/opt/kafka/bin/../libs/jetty-util-9.4.33.v20201020.jar:/opt/kafka/bin/../libs/jopt-simple-5.0.4.jar:/opt/kafka/bin/../libs/kafka-clients-2.7.0.jar:/opt/kafka/bin/../libs/kafka-log4j-appender-2.7.0.jar:/opt/kafka/bin/../libs/kafka-raft-2.7.0.jar:/opt/kafka/bin/../libs/kafka-streams-2.7.0.jar:/opt/kafka/bin/../libs/kafka-streams-examples-2.7.0.jar:/opt/kafka/bin/../libs/kafka-streams-scala_2.13-2.7.0.jar:/opt/kafka/bin/../libs/kafka-streams-test-utils-2.7.0.jar:/opt/kafka/bin/../libs/kafka-tools-2.7.0.jar:/opt/kafka/bin/../libs/kafka_2.13-2.7.0-sources.jar:/opt/kafka/bin/../libs/kafka_2.13-2.7.0.jar:/opt/kafka/bin/../libs/log4j-1.2.17.jar:/opt/kafka/bin/../libs/lz4-java-1.7.1.jar:/opt/kafka/bin/../libs/maven-artifact-3.6.3.jar:/opt/kafka/bin/../libs/metrics-core-2.2.0.jar:/opt/kafka/bin/../libs/netty-buffer-4.1.51.Final.jar:/opt/kafka/bin/../libs/netty-codec-4.1.51.Final.jar:/opt/kafka/bin/../libs/netty-common-4.1.51.Final.jar:/opt/kafka/bin/../libs/netty-handler-4.1.51.Final.jar:/opt/kafka/bin/../libs/netty-resolver-4.1.51.Final.jar:/opt/kafka/bin/../libs/netty-transport-4.1.51.Final.jar:/opt/kafka/bin/../libs/netty-transport-native-epoll-4.1.51.Final.jar:/opt/kafka/bin/../libs/netty-transport-native-unix-common-4.1.51.Final.jar:/opt/kafka/bin/../libs/osgi-resource-locator-1.0.3.jar:/opt/kafka/bin/../libs/paranamer-2.8.jar:/opt/kafka/bin/../libs/plexus-utils-3.2.1.jar:/opt/kafka/bin/../libs/reflections-0.9.12.jar:/opt/kafka/bin/../libs/rocksdbjni-5.18.4.jar:/opt/kafka/bin/../libs/scala-collection-compat_2.13-2.2.0.jar:/opt/kafka/bin/../libs/scala-java8-compat_2.13-0.9.1.jar:/opt/kafka/bin/../libs/scala-library-2.13.3.jar:/opt/kafka/bin/../libs/scala-logging_2.13-3.9.2.jar:/opt/kafka/bin/../libs/scala-reflect-2.13.3.jar:/opt/kafka/bin/../libs/slf4j-api-1.7.30.jar:/opt/kafka/bin/../libs/slf4j-log4j12-1.7.30.jar:/opt/kafka/bin/../libs/snappy-java-1.1.7.7.jar:/opt/kafka/bin/../libs/zookeeper-3.5.8.jar:/opt/kafka/bin/../libs/zookeeper-jute-3.5.8.jar:/opt/kafka/bin/../libs/zstd-jni-1.4.5-6.jar (org.apache.zookeeper.ZooKeeper)
[2021-05-17 04:37:13,283] INFO Client environment:java.library.path=/usr/lib/jvm/java-1.8-openjdk/jre/lib/amd64/server:/usr/lib/jvm/java-1.8-openjdk/jre/lib/amd64:/usr/lib/jvm/java-1.8-openjdk/jre/../lib/amd64:/usr/java/packages/lib/amd64:/usr/lib64:/lib64:/lib:/usr/lib (org.apache.zookeeper.ZooKeeper)
[2021-05-17 04:37:13,283] INFO Client environment:java.io.tmpdir=/tmp (org.apache.zookeeper.ZooKeeper)
[2021-05-17 04:37:13,283] INFO Client environment:java.compiler=<NA> (org.apache.zookeeper.ZooKeeper)
[2021-05-17 04:37:13,283] INFO Client environment:os.name=Linux (org.apache.zookeeper.ZooKeeper)
[2021-05-17 04:37:13,283] INFO Client environment:os.arch=amd64 (org.apache.zookeeper.ZooKeeper)
[2021-05-17 04:37:13,283] INFO Client environment:os.version=5.4.0-1039-azure (org.apache.zookeeper.ZooKeeper)
[2021-05-17 04:37:13,283] INFO Client environment:user.name=root (org.apache.zookeeper.ZooKeeper)
[2021-05-17 04:37:13,283] INFO Client environment:user.home=/root (org.apache.zookeeper.ZooKeeper)
[2021-05-17 04:37:13,283] INFO Client environment:user.dir=/ (org.apache.zookeeper.ZooKeeper)
[2021-05-17 04:37:13,284] INFO Client environment:os.memory.free=974MB (org.apache.zookeeper.ZooKeeper)
[2021-05-17 04:37:13,284] INFO Client environment:os.memory.max=1024MB (org.apache.zookeeper.ZooKeeper)
[2021-05-17 04:37:13,284] INFO Client environment:os.memory.total=1024MB (org.apache.zookeeper.ZooKeeper)
[2021-05-17 04:37:13,286] INFO Initiating client connection, connectString=zookeeper-uat:2181 sessionTimeout=18000 watcher=kafka.zookeeper.ZooKeeperClient$ZooKeeperClientWatcher$@333291e3 (org.apache.zookeeper.ZooKeeper)
[2021-05-17 04:37:13,292] INFO jute.maxbuffer value is 4194304 Bytes (org.apache.zookeeper.ClientCnxnSocket)
[2021-05-17 04:37:13,300] INFO zookeeper.request.timeout value is 0. feature enabled= (org.apache.zookeeper.ClientCnxn)
[2021-05-17 04:37:13,363] INFO [ZooKeeperClient Kafka server] Waiting until connected. (kafka.zookeeper.ZooKeeperClient)
[2021-05-17 04:37:13,425] INFO Opening socket connection to server zookeeper-uat/172.20.198.240:2181. Will not attempt to authenticate using SASL (unknown error) (org.apache.zookeeper.ClientCnxn)
[2021-05-17 04:37:13,434] INFO Socket connection established, initiating session, client: /10.230.208.171:60848, server: zookeeper-uat/172.20.198.240:2181 (org.apache.zookeeper.ClientCnxn)
[2021-05-17 04:37:13,443] INFO Session establishment complete on server zookeeper-uat/172.20.198.240:2181, sessionid = 0x101698ee69102ac, negotiated timeout = 18000 (org.apache.zookeeper.ClientCnxn)
[2021-05-17 04:37:13,446] INFO [ZooKeeperClient Kafka server] Connected. (kafka.zookeeper.ZooKeeperClient)
[2021-05-17 04:37:13,563] INFO [feature-zk-node-event-process-thread]: Starting (kafka.server.FinalizedFeatureChangeListener$ChangeNotificationProcessorThread)
[2021-05-17 04:37:13,575] INFO Feature ZK node at path: /feature does not exist (kafka.server.FinalizedFeatureChangeListener)
[2021-05-17 04:37:13,576] INFO Cleared cache (kafka.server.FinalizedFeatureCache)
[2021-05-17 04:37:13,889] INFO Cluster ID = 86_mF9SOQKO2DbdjSnVvJQ (kafka.server.KafkaServer)
[2021-05-17 04:37:13,893] WARN No meta.properties file under dir /kafka/kafka-logs-kafka-uat-bb48cbbfd-97qgv/meta.properties (kafka.server.BrokerMetadataCheckpoint)
[2021-05-17 04:37:14,078] INFO KafkaConfig values:
        advertised.host.name = kafka-uat:9092
        advertised.listeners = PLAINTEXT://kafka-uat:9092
        advertised.port = 9092
        alter.config.policy.class.name = null
        alter.log.dirs.replication.quota.window.num = 11
        alter.log.dirs.replication.quota.window.size.seconds = 1
        authorizer.class.name =
        auto.create.topics.enable = true
        auto.leader.rebalance.enable = true
        background.threads = 10
        broker.id = -1
        broker.id.generation.enable = true
        broker.rack = null
        client.quota.callback.class = null
        compression.type = producer
        connection.failed.authentication.delay.ms = 100
        connections.max.idle.ms = 600000
        connections.max.reauth.ms = 0
        control.plane.listener.name = null
        controlled.shutdown.enable = true
        controlled.shutdown.max.retries = 3
        controlled.shutdown.retry.backoff.ms = 5000
        controller.quota.window.num = 11
        controller.quota.window.size.seconds = 1
        controller.socket.timeout.ms = 30000
        create.topic.policy.class.name = null
        default.replication.factor = 1
        delegation.token.expiry.check.interval.ms = 3600000
        delegation.token.expiry.time.ms = 86400000
        delegation.token.master.key = null
        delegation.token.max.lifetime.ms = 604800000
        delete.records.purgatory.purge.interval.requests = 1
        delete.topic.enable = true
        fetch.max.bytes = 57671680
        fetch.purgatory.purge.interval.requests = 1000
        group.initial.rebalance.delay.ms = 0
        group.max.session.timeout.ms = 1800000
        group.max.size = 2147483647
        group.min.session.timeout.ms = 6000
        host.name =
        inter.broker.listener.name = null
        inter.broker.protocol.version = 2.7-IV2
        kafka.metrics.polling.interval.secs = 10
        kafka.metrics.reporters = []
        leader.imbalance.check.interval.seconds = 300
        leader.imbalance.per.broker.percentage = 10
        listener.security.protocol.map = PLAINTEXT:PLAINTEXT,SSL:SSL,SASL_PLAINTEXT:SASL_PLAINTEXT,SASL_SSL:SASL_SSL
        listeners = PLAINTEXT://kafka-uat:9092
        log.cleaner.backoff.ms = 15000
        log.cleaner.dedupe.buffer.size = 134217728
        log.cleaner.delete.retention.ms = 86400000
        log.cleaner.enable = true
        log.cleaner.io.buffer.load.factor = 0.9
        log.cleaner.io.buffer.size = 524288
        log.cleaner.io.max.bytes.per.second = 1.7976931348623157E308
        log.cleaner.max.compaction.lag.ms = 9223372036854775807
        log.cleaner.min.cleanable.ratio = 0.5
        log.cleaner.min.compaction.lag.ms = 0
        log.cleaner.threads = 1
        log.cleanup.policy = [delete]
        log.dir = /tmp/kafka-logs
        log.dirs = /kafka/kafka-logs-kafka-uat-bb48cbbfd-97qgv
        log.flush.interval.messages = 9223372036854775807
        log.flush.interval.ms = null
        log.flush.offset.checkpoint.interval.ms = 60000
        log.flush.scheduler.interval.ms = 9223372036854775807
        log.flush.start.offset.checkpoint.interval.ms = 60000
        log.index.interval.bytes = 4096
        log.index.size.max.bytes = 10485760
        log.message.downconversion.enable = true
        log.message.format.version = 2.7-IV2
        log.message.timestamp.difference.max.ms = 9223372036854775807
        log.message.timestamp.type = CreateTime
        log.preallocate = false
        log.retention.bytes = -1
        log.retention.check.interval.ms = 300000
        log.retention.hours = 168
        log.retention.minutes = null
        log.retention.ms = null
        log.roll.hours = 168
        log.roll.jitter.hours = 0
        log.roll.jitter.ms = null
        log.roll.ms = null
        log.segment.bytes = 1073741824
        log.segment.delete.delay.ms = 60000
        max.connection.creation.rate = 2147483647
        max.connections = 2147483647
        max.connections.per.ip = 2147483647
        max.connections.per.ip.overrides =
        max.incremental.fetch.session.cache.slots = 1000
        message.max.bytes = 1048588
        metric.reporters = []
        metrics.num.samples = 2
        metrics.recording.level = INFO
        metrics.sample.window.ms = 30000
        min.insync.replicas = 1
        num.io.threads = 8
        num.network.threads = 3
        num.partitions = 1
        num.recovery.threads.per.data.dir = 1
        num.replica.alter.log.dirs.threads = null
        num.replica.fetchers = 1
        offset.metadata.max.bytes = 4096
        offsets.commit.required.acks = -1
        offsets.commit.timeout.ms = 5000
        offsets.load.buffer.size = 5242880
        offsets.retention.check.interval.ms = 600000
        offsets.retention.minutes = 10080
        offsets.topic.compression.codec = 0
        offsets.topic.num.partitions = 50
        offsets.topic.replication.factor = 1
        offsets.topic.segment.bytes = 104857600
        password.encoder.cipher.algorithm = AES/CBC/PKCS5Padding
        password.encoder.iterations = 4096
        password.encoder.key.length = 128
        password.encoder.keyfactory.algorithm = null
        password.encoder.old.secret = null
        password.encoder.secret = null
        port = 9092
        principal.builder.class = null
        producer.purgatory.purge.interval.requests = 1000
        queued.max.request.bytes = -1
        queued.max.requests = 500
        quota.consumer.default = 9223372036854775807
        quota.producer.default = 9223372036854775807
        quota.window.num = 11
        quota.window.size.seconds = 1
        replica.fetch.backoff.ms = 1000
        replica.fetch.max.bytes = 1048576
        replica.fetch.min.bytes = 1
        replica.fetch.response.max.bytes = 10485760
        replica.fetch.wait.max.ms = 500
        replica.high.watermark.checkpoint.interval.ms = 5000
        replica.lag.time.max.ms = 30000
        replica.selector.class = null
        replica.socket.receive.buffer.bytes = 65536
        replica.socket.timeout.ms = 30000
        replication.quota.window.num = 11
        replication.quota.window.size.seconds = 1
        request.timeout.ms = 30000
        reserved.broker.max.id = 1000
        sasl.client.callback.handler.class = null
        sasl.enabled.mechanisms = [GSSAPI]
        sasl.jaas.config = null
        sasl.kerberos.kinit.cmd = /usr/bin/kinit
        sasl.kerberos.min.time.before.relogin = 60000
        sasl.kerberos.principal.to.local.rules = [DEFAULT]
        sasl.kerberos.service.name = null
        sasl.kerberos.ticket.renew.jitter = 0.05
        sasl.kerberos.ticket.renew.window.factor = 0.8
        sasl.login.callback.handler.class = null
        sasl.login.class = null
        sasl.login.refresh.buffer.seconds = 300
        sasl.login.refresh.min.period.seconds = 60
        sasl.login.refresh.window.factor = 0.8
        sasl.login.refresh.window.jitter = 0.05
        sasl.mechanism.inter.broker.protocol = GSSAPI
        sasl.server.callback.handler.class = null
        security.inter.broker.protocol = PLAINTEXT
        security.providers = null
        socket.connection.setup.timeout.max.ms = 127000
        socket.connection.setup.timeout.ms = 10000
        socket.receive.buffer.bytes = 102400
        socket.request.max.bytes = 104857600
        socket.send.buffer.bytes = 102400
        ssl.cipher.suites = []
        ssl.client.auth = none
        ssl.enabled.protocols = [TLSv1.2]
        ssl.endpoint.identification.algorithm = https
        ssl.engine.factory.class = null
        ssl.key.password = null
        ssl.keymanager.algorithm = SunX509
        ssl.keystore.certificate.chain = null
        ssl.keystore.key = null
        ssl.keystore.location = null
        ssl.keystore.password = null
        ssl.keystore.type = JKS
        ssl.principal.mapping.rules = DEFAULT
        ssl.protocol = TLSv1.2
        ssl.provider = null
        ssl.secure.random.implementation = null
        ssl.trustmanager.algorithm = PKIX
        ssl.truststore.certificates = null
        ssl.truststore.location = null
        ssl.truststore.password = null
        ssl.truststore.type = JKS
        transaction.abort.timed.out.transaction.cleanup.interval.ms = 10000
        transaction.max.timeout.ms = 900000
        transaction.remove.expired.transaction.cleanup.interval.ms = 3600000
        transaction.state.log.load.buffer.size = 5242880
        transaction.state.log.min.isr = 1
        transaction.state.log.num.partitions = 50
        transaction.state.log.replication.factor = 1
        transaction.state.log.segment.bytes = 104857600
        transactional.id.expiration.ms = 604800000
        unclean.leader.election.enable = false
        zookeeper.clientCnxnSocket = null
        zookeeper.connect = zookeeper-uat:2181
        zookeeper.connection.timeout.ms = 18000
        zookeeper.max.in.flight.requests = 10
        zookeeper.session.timeout.ms = 18000
        zookeeper.set.acl = false
        zookeeper.ssl.cipher.suites = null
        zookeeper.ssl.client.enable = false
        zookeeper.ssl.crl.enable = false
        zookeeper.ssl.enabled.protocols = null
        zookeeper.ssl.endpoint.identification.algorithm = HTTPS
        zookeeper.ssl.keystore.location = null
        zookeeper.ssl.keystore.password = null
        zookeeper.ssl.keystore.type = null
        zookeeper.ssl.ocsp.enable = false
        zookeeper.ssl.protocol = TLSv1.2
        zookeeper.ssl.truststore.location = null
        zookeeper.ssl.truststore.password = null
        zookeeper.ssl.truststore.type = null
        zookeeper.sync.time.ms = 2000
 (kafka.server.KafkaConfig)
[2021-05-17 04:37:14,088] INFO KafkaConfig values:
        advertised.host.name = kafka-uat:9092
        advertised.listeners = PLAINTEXT://kafka-uat:9092
        advertised.port = 9092
        alter.config.policy.class.name = null
        alter.log.dirs.replication.quota.window.num = 11
        alter.log.dirs.replication.quota.window.size.seconds = 1
        authorizer.class.name =
        auto.create.topics.enable = true
        auto.leader.rebalance.enable = true
        background.threads = 10
        broker.id = -1
        broker.id.generation.enable = true
        broker.rack = null
        client.quota.callback.class = null
        compression.type = producer
        connection.failed.authentication.delay.ms = 100
        connections.max.idle.ms = 600000
        connections.max.reauth.ms = 0
        control.plane.listener.name = null
        controlled.shutdown.enable = true
        controlled.shutdown.max.retries = 3
        controlled.shutdown.retry.backoff.ms = 5000
        controller.quota.window.num = 11
        controller.quota.window.size.seconds = 1
        controller.socket.timeout.ms = 30000
        create.topic.policy.class.name = null
        default.replication.factor = 1
        delegation.token.expiry.check.interval.ms = 3600000
        delegation.token.expiry.time.ms = 86400000
        delegation.token.master.key = null
        delegation.token.max.lifetime.ms = 604800000
        delete.records.purgatory.purge.interval.requests = 1
        delete.topic.enable = true
        fetch.max.bytes = 57671680
        fetch.purgatory.purge.interval.requests = 1000
        group.initial.rebalance.delay.ms = 0
        group.max.session.timeout.ms = 1800000
        group.max.size = 2147483647
        group.min.session.timeout.ms = 6000
        host.name =
        inter.broker.listener.name = null
        inter.broker.protocol.version = 2.7-IV2
        kafka.metrics.polling.interval.secs = 10
        kafka.metrics.reporters = []
        leader.imbalance.check.interval.seconds = 300
        leader.imbalance.per.broker.percentage = 10
        listener.security.protocol.map = PLAINTEXT:PLAINTEXT,SSL:SSL,SASL_PLAINTEXT:SASL_PLAINTEXT,SASL_SSL:SASL_SSL
        listeners = PLAINTEXT://kafka-uat:9092
        log.cleaner.backoff.ms = 15000
        log.cleaner.dedupe.buffer.size = 134217728
        log.cleaner.delete.retention.ms = 86400000
        log.cleaner.enable = true
        log.cleaner.io.buffer.load.factor = 0.9
        log.cleaner.io.buffer.size = 524288
        log.cleaner.io.max.bytes.per.second = 1.7976931348623157E308
        log.cleaner.max.compaction.lag.ms = 9223372036854775807
        log.cleaner.min.cleanable.ratio = 0.5
        log.cleaner.min.compaction.lag.ms = 0
        log.cleaner.threads = 1
        log.cleanup.policy = [delete]
        log.dir = /tmp/kafka-logs
        log.dirs = /kafka/kafka-logs-kafka-uat-bb48cbbfd-97qgv
        log.flush.interval.messages = 9223372036854775807
        log.flush.interval.ms = null
        log.flush.offset.checkpoint.interval.ms = 60000
        log.flush.scheduler.interval.ms = 9223372036854775807
        log.flush.start.offset.checkpoint.interval.ms = 60000
        log.index.interval.bytes = 4096
        log.index.size.max.bytes = 10485760
        log.message.downconversion.enable = true
        log.message.format.version = 2.7-IV2
        log.message.timestamp.difference.max.ms = 9223372036854775807
        log.message.timestamp.type = CreateTime
        log.preallocate = false
        log.retention.bytes = -1
        log.retention.check.interval.ms = 300000
        log.retention.hours = 168
        log.retention.minutes = null
        log.retention.ms = null
        log.roll.hours = 168
        log.roll.jitter.hours = 0
        log.roll.jitter.ms = null
        log.roll.ms = null
        log.segment.bytes = 1073741824
        log.segment.delete.delay.ms = 60000
        max.connection.creation.rate = 2147483647
        max.connections = 2147483647
        max.connections.per.ip = 2147483647
        max.connections.per.ip.overrides =
        max.incremental.fetch.session.cache.slots = 1000
        message.max.bytes = 1048588
        metric.reporters = []
        metrics.num.samples = 2
        metrics.recording.level = INFO
        metrics.sample.window.ms = 30000
        min.insync.replicas = 1
        num.io.threads = 8
        num.network.threads = 3
        num.partitions = 1
        num.recovery.threads.per.data.dir = 1
        num.replica.alter.log.dirs.threads = null
        num.replica.fetchers = 1
        offset.metadata.max.bytes = 4096
        offsets.commit.required.acks = -1
        offsets.commit.timeout.ms = 5000
        offsets.load.buffer.size = 5242880
        offsets.retention.check.interval.ms = 600000
        offsets.retention.minutes = 10080
        offsets.topic.compression.codec = 0
        offsets.topic.num.partitions = 50
        offsets.topic.replication.factor = 1
        offsets.topic.segment.bytes = 104857600
        password.encoder.cipher.algorithm = AES/CBC/PKCS5Padding
        password.encoder.iterations = 4096
        password.encoder.key.length = 128
        password.encoder.keyfactory.algorithm = null
        password.encoder.old.secret = null
        password.encoder.secret = null
        port = 9092
        principal.builder.class = null
        producer.purgatory.purge.interval.requests = 1000
        queued.max.request.bytes = -1
        queued.max.requests = 500
        quota.consumer.default = 9223372036854775807
        quota.producer.default = 9223372036854775807
        quota.window.num = 11
        quota.window.size.seconds = 1
        replica.fetch.backoff.ms = 1000
        replica.fetch.max.bytes = 1048576
        replica.fetch.min.bytes = 1
        replica.fetch.response.max.bytes = 10485760
        replica.fetch.wait.max.ms = 500
        replica.high.watermark.checkpoint.interval.ms = 5000
        replica.lag.time.max.ms = 30000
        replica.selector.class = null
        replica.socket.receive.buffer.bytes = 65536
        replica.socket.timeout.ms = 30000
        replication.quota.window.num = 11
        replication.quota.window.size.seconds = 1
        request.timeout.ms = 30000
        reserved.broker.max.id = 1000
        sasl.client.callback.handler.class = null
        sasl.enabled.mechanisms = [GSSAPI]
        sasl.jaas.config = null
        sasl.kerberos.kinit.cmd = /usr/bin/kinit
        sasl.kerberos.min.time.before.relogin = 60000
        sasl.kerberos.principal.to.local.rules = [DEFAULT]
        sasl.kerberos.service.name = null
        sasl.kerberos.ticket.renew.jitter = 0.05
        sasl.kerberos.ticket.renew.window.factor = 0.8
        sasl.login.callback.handler.class = null
        sasl.login.class = null
        sasl.login.refresh.buffer.seconds = 300
        sasl.login.refresh.min.period.seconds = 60
        sasl.login.refresh.window.factor = 0.8
        sasl.login.refresh.window.jitter = 0.05
        sasl.mechanism.inter.broker.protocol = GSSAPI
        sasl.server.callback.handler.class = null
        security.inter.broker.protocol = PLAINTEXT
        security.providers = null
        socket.connection.setup.timeout.max.ms = 127000
        socket.connection.setup.timeout.ms = 10000
        socket.receive.buffer.bytes = 102400
        socket.request.max.bytes = 104857600
        socket.send.buffer.bytes = 102400
        ssl.cipher.suites = []
        ssl.client.auth = none
        ssl.enabled.protocols = [TLSv1.2]
        ssl.endpoint.identification.algorithm = https
        ssl.engine.factory.class = null
        ssl.key.password = null
        ssl.keymanager.algorithm = SunX509
        ssl.keystore.certificate.chain = null
        ssl.keystore.key = null
        ssl.keystore.location = null
        ssl.keystore.password = null
        ssl.keystore.type = JKS
        ssl.principal.mapping.rules = DEFAULT
        ssl.protocol = TLSv1.2
        ssl.provider = null
        ssl.secure.random.implementation = null
        ssl.trustmanager.algorithm = PKIX
        ssl.truststore.certificates = null
        ssl.truststore.location = null
        ssl.truststore.password = null
        ssl.truststore.type = JKS
        transaction.abort.timed.out.transaction.cleanup.interval.ms = 10000
        transaction.max.timeout.ms = 900000
        transaction.remove.expired.transaction.cleanup.interval.ms = 3600000
        transaction.state.log.load.buffer.size = 5242880
        transaction.state.log.min.isr = 1
        transaction.state.log.num.partitions = 50
        transaction.state.log.replication.factor = 1
        transaction.state.log.segment.bytes = 104857600
        transactional.id.expiration.ms = 604800000
        unclean.leader.election.enable = false
        zookeeper.clientCnxnSocket = null
        zookeeper.connect = zookeeper-uat:2181
        zookeeper.connection.timeout.ms = 18000
        zookeeper.max.in.flight.requests = 10
        zookeeper.session.timeout.ms = 18000
        zookeeper.set.acl = false
        zookeeper.ssl.cipher.suites = null
        zookeeper.ssl.client.enable = false
        zookeeper.ssl.crl.enable = false
        zookeeper.ssl.enabled.protocols = null
        zookeeper.ssl.endpoint.identification.algorithm = HTTPS
        zookeeper.ssl.keystore.location = null
        zookeeper.ssl.keystore.password = null
        zookeeper.ssl.keystore.type = null
        zookeeper.ssl.ocsp.enable = false
        zookeeper.ssl.protocol = TLSv1.2
        zookeeper.ssl.truststore.location = null
        zookeeper.ssl.truststore.password = null
        zookeeper.ssl.truststore.type = null
        zookeeper.sync.time.ms = 2000
 (kafka.server.KafkaConfig)
[2021-05-17 04:37:14,266] INFO [ThrottledChannelReaper-Fetch]: Starting (kafka.server.ClientQuotaManager$ThrottledChannelReaper)
[2021-05-17 04:37:14,267] INFO [ThrottledChannelReaper-Produce]: Starting (kafka.server.ClientQuotaManager$ThrottledChannelReaper)
[2021-05-17 04:37:14,268] INFO [ThrottledChannelReaper-Request]: Starting (kafka.server.ClientQuotaManager$ThrottledChannelReaper)
[2021-05-17 04:37:14,269] INFO [ThrottledChannelReaper-ControllerMutation]: Starting (kafka.server.ClientQuotaManager$ThrottledChannelReaper)
[2021-05-17 04:37:14,295] INFO Log directory /kafka/kafka-logs-kafka-uat-bb48cbbfd-97qgv not found, creating it. (kafka.log.LogManager)
[2021-05-17 04:37:14,303] INFO Loading logs from log dirs ArraySeq(/kafka/kafka-logs-kafka-uat-bb48cbbfd-97qgv) (kafka.log.LogManager)
[2021-05-17 04:37:14,306] INFO Attempting recovery for all logs in /kafka/kafka-logs-kafka-uat-bb48cbbfd-97qgv since no clean shutdown file was found (kafka.log.LogManager)
[2021-05-17 04:37:14,365] INFO Loaded 0 logs in 63ms. (kafka.log.LogManager)
[2021-05-17 04:37:14,385] INFO Starting log cleanup with a period of 300000 ms. (kafka.log.LogManager)
[2021-05-17 04:37:14,389] INFO Starting log flusher with a default period of 9223372036854775807 ms. (kafka.log.LogManager)
[2021-05-17 04:37:15,784] INFO Created ConnectionAcceptRate sensor, quotaLimit=2147483647 (kafka.network.ConnectionQuotas)
[2021-05-17 04:37:15,864] INFO Created ConnectionAcceptRate-PLAINTEXT sensor, quotaLimit=2147483647 (kafka.network.ConnectionQuotas)
[2021-05-17 04:37:15,869] INFO Updated PLAINTEXT max connection creation rate to 2147483647 (kafka.network.ConnectionQuotas)
[2021-05-17 04:37:15,878] ERROR [KafkaServer id=1685] Fatal error during KafkaServer startup. Prepare to shutdown (kafka.server.KafkaServer)
org.apache.kafka.common.KafkaException: Socket server failed to bind to kafka-uat:9092: Address not available.
        at kafka.network.Acceptor.openServerSocket(SocketServer.scala:671)
        at kafka.network.Acceptor.<init>(SocketServer.scala:539)
        at kafka.network.SocketServer.createAcceptor(SocketServer.scala:280)
        at kafka.network.SocketServer.$anonfun$createDataPlaneAcceptorsAndProcessors$1(SocketServer.scala:253)
        at kafka.network.SocketServer.$anonfun$createDataPlaneAcceptorsAndProcessors$1$adapted(SocketServer.scala:251)
        at scala.collection.IterableOnceOps.foreach(IterableOnce.scala:553)
        at scala.collection.IterableOnceOps.foreach$(IterableOnce.scala:551)
        at scala.collection.AbstractIterable.foreach(Iterable.scala:920)
        at kafka.network.SocketServer.createDataPlaneAcceptorsAndProcessors(SocketServer.scala:251)
        at kafka.network.SocketServer.startup(SocketServer.scala:125)
        at kafka.server.KafkaServer.startup(KafkaServer.scala:303)
        at kafka.server.KafkaServerStartable.startup(KafkaServerStartable.scala:44)
        at kafka.Kafka$.main(Kafka.scala:82)
        at kafka.Kafka.main(Kafka.scala)
Caused by: java.net.BindException: Address not available
        at sun.nio.ch.Net.bind0(Native Method)
        at sun.nio.ch.Net.bind(Net.java:433)
        at sun.nio.ch.Net.bind(Net.java:425)
        at sun.nio.ch.ServerSocketChannelImpl.bind(ServerSocketChannelImpl.java:223)
        at sun.nio.ch.ServerSocketAdaptor.bind(ServerSocketAdaptor.java:74)
        at sun.nio.ch.ServerSocketAdaptor.bind(ServerSocketAdaptor.java:67)
        at kafka.network.Acceptor.openServerSocket(SocketServer.scala:667)
        ... 13 more
[2021-05-17 04:37:15,881] INFO [KafkaServer id=1685] shutting down (kafka.server.KafkaServer)
[2021-05-17 04:37:15,883] INFO [SocketServer brokerId=1685] Stopping socket server request processors (kafka.network.SocketServer)
[2021-05-17 04:37:15,885] INFO [SocketServer brokerId=1685] Stopped socket server request processors (kafka.network.SocketServer)
[2021-05-17 04:37:15,888] INFO Shutting down. (kafka.log.LogManager)
[2021-05-17 04:37:16,003] INFO Shutdown complete. (kafka.log.LogManager)
[2021-05-17 04:37:16,004] INFO [feature-zk-node-event-process-thread]: Shutting down (kafka.server.FinalizedFeatureChangeListener$ChangeNotificationProcessorThread)
[2021-05-17 04:37:16,004] INFO [feature-zk-node-event-process-thread]: Stopped (kafka.server.FinalizedFeatureChangeListener$ChangeNotificationProcessorThread)
[2021-05-17 04:37:16,004] INFO [feature-zk-node-event-process-thread]: Shutdown completed (kafka.server.FinalizedFeatureChangeListener$ChangeNotificationProcessorThread)
[2021-05-17 04:37:16,005] INFO [ZooKeeperClient Kafka server] Closing. (kafka.zookeeper.ZooKeeperClient)
[2021-05-17 04:37:16,112] INFO Session: 0x101698ee69102ac closed (org.apache.zookeeper.ZooKeeper)
[2021-05-17 04:37:16,112] INFO EventThread shut down for session: 0x101698ee69102ac (org.apache.zookeeper.ClientCnxn)
[2021-05-17 04:37:16,114] INFO [ZooKeeperClient Kafka server] Closed. (kafka.zookeeper.ZooKeeperClient)
[2021-05-17 04:37:16,114] INFO [ThrottledChannelReaper-Fetch]: Shutting down (kafka.server.ClientQuotaManager$ThrottledChannelReaper)
[2021-05-17 04:37:16,267] INFO [ThrottledChannelReaper-Fetch]: Stopped (kafka.server.ClientQuotaManager$ThrottledChannelReaper)
[2021-05-17 04:37:16,267] INFO [ThrottledChannelReaper-Fetch]: Shutdown completed (kafka.server.ClientQuotaManager$ThrottledChannelReaper)
[2021-05-17 04:37:16,267] INFO [ThrottledChannelReaper-Produce]: Shutting down (kafka.server.ClientQuotaManager$ThrottledChannelReaper)
[2021-05-17 04:37:17,267] INFO [ThrottledChannelReaper-Produce]: Stopped (kafka.server.ClientQuotaManager$ThrottledChannelReaper)
[2021-05-17 04:37:17,268] INFO [ThrottledChannelReaper-Produce]: Shutdown completed (kafka.server.ClientQuotaManager$ThrottledChannelReaper)
[2021-05-17 04:37:17,268] INFO [ThrottledChannelReaper-Request]: Shutting down (kafka.server.ClientQuotaManager$ThrottledChannelReaper)
[2021-05-17 04:37:17,268] INFO [ThrottledChannelReaper-Request]: Stopped (kafka.server.ClientQuotaManager$ThrottledChannelReaper)
[2021-05-17 04:37:17,269] INFO [ThrottledChannelReaper-Request]: Shutdown completed (kafka.server.ClientQuotaManager$ThrottledChannelReaper)
[2021-05-17 04:37:17,269] INFO [ThrottledChannelReaper-ControllerMutation]: Shutting down (kafka.server.ClientQuotaManager$ThrottledChannelReaper)
[2021-05-17 04:37:17,270] INFO [ThrottledChannelReaper-ControllerMutation]: Stopped (kafka.server.ClientQuotaManager$ThrottledChannelReaper)
[2021-05-17 04:37:17,270] INFO [ThrottledChannelReaper-ControllerMutation]: Shutdown completed (kafka.server.ClientQuotaManager$ThrottledChannelReaper)
[2021-05-17 04:37:17,271] INFO [SocketServer brokerId=1685] Shutting down socket server (kafka.network.SocketServer)
[2021-05-17 04:37:17,374] INFO [SocketServer brokerId=1685] Shutdown completed (kafka.network.SocketServer)
[2021-05-17 04:37:17,375] INFO Metrics scheduler closed (org.apache.kafka.common.metrics.Metrics)
[2021-05-17 04:37:17,375] INFO Closing reporter org.apache.kafka.common.metrics.JmxReporter (org.apache.kafka.common.metrics.Metrics)
[2021-05-17 04:37:17,375] INFO Metrics reporters closed (org.apache.kafka.common.metrics.Metrics)
[2021-05-17 04:37:17,378] INFO Broker and topic stats closed (kafka.server.BrokerTopicStats)
[2021-05-17 04:37:17,382] INFO App info kafka.server for 1685 unregistered (org.apache.kafka.common.utils.AppInfoParser)
[2021-05-17 04:37:17,382] INFO [KafkaServer id=1685] shut down completed (kafka.server.KafkaServer)
[2021-05-17 04:37:17,383] ERROR Exiting Kafka. (kafka.server.KafkaServerStartable)
[2021-05-17 04:37:17,384] INFO [KafkaServer id=1685] shutting down (kafka.server.KafkaServer)
