         _                                     _       _        _             _         _       _                 _    _
          /_\    ___   ___   ___   _   _  _ __  | |_    /_\    __| | _ __ ___  (_) _ __  (_) ___ | |_  _ __   __ _ | |_ (_)  ___   _ __
         //_\\  / __| / __| / _ \ | | | || '_ \ | __|  //_\\  / _` || '_ ` _ \ | || '_ \ | |/ __|| __|| '__| / _` || __|| | / _ \ | '_ \
        /  _  \| (__ | (__ | (_) || |_| || | | || |_  /  _  \| (_| || | | | | || || | | || |\__ \| |_ | |   | (_| || |_ | || (_) || | | |
        \_/ \_/ \___| \___| \___/  \__,_||_| |_| \__| \_/ \_/ \__,_||_| |_| |_||_||_| |_||_||___/ \__||_|    \__,_| \__||_| \___/ |_| |_|


 ==================================================================================================================================
 Application Version :  (v19.14.DEVELOP.01-SNAPSHOT)
 Application Title : acctadmin
 Spring Boot Version :  (v2.1.0.RELEASE)
 ==================================================================================================================================
2021-May-17 01:32:53.591   INFO  [main] c.g.a.Application - Starting Application v19.14.DEVELOP.01-SNAPSHOT on lmmk400.fmr.com with PID 8 (/opt/geode-acctadmin-boot-19.14.DEVELOP.01-SNAPSHOT.jar started by g_ascor_app in /)
2021-May-17 01:32:53.594   INFO  [main] c.g.a.Application - The following profiles are active: sit,force_scheduler_start
2021-May-17 01:32:54.438   INFO  [main] o.s.d.r.c.RepositoryConfigurationDelegate - Multiple Spring Data modules found, entering strict repository configuration mode!
2021-May-17 01:32:54.444   INFO  [main] o.s.d.r.c.RepositoryConfigurationDelegate - Bootstrapping Spring Data repositories in DEFAULT mode.
2021-May-17 01:32:54.555   INFO  [main] o.s.d.r.c.RepositoryConfigurationDelegate - Finished Spring Data repository scanning in 97ms. Found 2 repository interfaces.
2021-May-17 01:32:54.886   INFO  [main] o.s.d.r.c.RepositoryConfigurationDelegate - Multiple Spring Data modules found, entering strict repository configuration mode!
2021-May-17 01:32:54.887   INFO  [main] o.s.d.r.c.RepositoryConfigurationDelegate - Bootstrapping Spring Data repositories in DEFAULT mode.
2021-May-17 01:32:54.899   INFO  [main] o.s.d.r.c.RepositoryConfigurationDelegate - Finished Spring Data repository scanning in 12ms. Found 0 repository interfaces.
2021-May-17 01:32:55.298   INFO  [main] c.u.j.c.EnableEncryptablePropertiesBeanFactoryPostProcessor - Post-processing PropertySource instances
2021-May-17 01:32:55.515   INFO  [main] c.u.j.EncryptablePropertySourceConverter - Converting PropertySource configurationProperties [org.springframework.boot.context.properties.source.ConfigurationPropertySourcesPropertySource] to AOP Proxy
2021-May-17 01:32:55.516   INFO  [main] c.u.j.EncryptablePropertySourceConverter - Converting PropertySource commandLineArgs [org.springframework.core.env.SimpleCommandLinePropertySource] to EncryptableEnumerablePropertySourceWrapper
2021-May-17 01:32:55.516   INFO  [main] c.u.j.EncryptablePropertySourceConverter - Converting PropertySource servletConfigInitParams [org.springframework.core.env.PropertySource$StubPropertySource] to EncryptablePropertySourceWrapper
2021-May-17 01:32:55.516   INFO  [main] c.u.j.EncryptablePropertySourceConverter - Converting PropertySource servletContextInitParams [org.springframework.core.env.PropertySource$StubPropertySource] to EncryptablePropertySourceWrapper
2021-May-17 01:32:55.516   INFO  [main] c.u.j.EncryptablePropertySourceConverter - Converting PropertySource systemProperties [org.springframework.core.env.MapPropertySource] to EncryptableMapPropertySourceWrapper
2021-May-17 01:32:55.516   INFO  [main] c.u.j.EncryptablePropertySourceConverter - Converting PropertySource systemEnvironment [org.springframework.boot.env.SystemEnvironmentPropertySourceEnvironmentPostProcessor$OriginAwareSystemEnvironmentPropertySource] to EncryptableMapPropertySourceWrapper
2021-May-17 01:32:55.516   INFO  [main] c.u.j.EncryptablePropertySourceConverter - Converting PropertySource random [org.springframework.boot.env.RandomValuePropertySource] to EncryptablePropertySourceWrapper
2021-May-17 01:32:55.521   INFO  [main] c.u.j.EncryptablePropertySourceConverter - Converting PropertySource applicationConfig: [file:/opt/application.properties] [org.springframework.boot.env.OriginTrackedMapPropertySource] to EncryptableMapPropertySourceWrapper
2021-May-17 01:32:55.623   INFO  [main] o.s.c.s.PostProcessorRegistrationDelegate$BeanPostProcessorChecker - Bean 'org.springframework.kafka.annotation.KafkaBootstrapConfiguration' of type [org.springframework.kafka.annotation.KafkaBootstrapConfiguration$$EnhancerBySpringCGLIB$$e013e969] is not eligible for getting processed by all BeanPostProcessors (for example: not eligible for auto-proxying)
2021-May-17 01:32:55.640   INFO  [main] c.u.j.f.DefaultLazyPropertyFilter - Property Filter custom Bean not found with name 'encryptablePropertyFilter'. Initializing Default Property Filter
2021-May-17 01:32:55.868   INFO  [main] o.s.c.s.PostProcessorRegistrationDelegate$BeanPostProcessorChecker - Bean 'org.springframework.transaction.annotation.ProxyTransactionManagementConfiguration' of type [org.springframework.transaction.annotation.ProxyTransactionManagementConfiguration$$EnhancerBySpringCGLIB$$c61d7e6] is not eligible for getting processed by all BeanPostProcessors (for example: not eligible for auto-proxying)
2021-May-17 01:32:55.901   INFO  [main] o.s.c.s.PostProcessorRegistrationDelegate$BeanPostProcessorChecker - Bean 'org.springframework.security.config.annotation.configuration.ObjectPostProcessorConfiguration' of type [org.springframework.security.config.annotation.configuration.ObjectPostProcessorConfiguration$$EnhancerBySpringCGLIB$$a50fa020] is not eligible for getting processed by all BeanPostProcessors (for example: not eligible for auto-proxying)
2021-May-17 01:32:55.906   INFO  [main] o.s.c.s.PostProcessorRegistrationDelegate$BeanPostProcessorChecker - Bean 'objectPostProcessor' of type [org.springframework.security.config.annotation.configuration.AutowireBeanFactoryObjectPostProcessor] is not eligible for getting processed by all BeanPostProcessors (for example: not eligible for auto-proxying)
2021-May-17 01:32:55.909   INFO  [main] o.s.c.s.PostProcessorRegistrationDelegate$BeanPostProcessorChecker - Bean 'org.springframework.security.access.expression.method.DefaultMethodSecurityExpressionHandler@c7045b9' of type [org.springframework.security.access.expression.method.DefaultMethodSecurityExpressionHandler] is not eligible for getting processed by all BeanPostProcessors (for example: not eligible for auto-proxying)
2021-May-17 01:32:55.913   INFO  [main] o.s.c.s.PostProcessorRegistrationDelegate$BeanPostProcessorChecker - Bean 'org.springframework.security.config.annotation.method.configuration.GlobalMethodSecurityConfiguration' of type [org.springframework.security.config.annotation.method.configuration.GlobalMethodSecurityConfiguration$$EnhancerBySpringCGLIB$$c9e442d2] is not eligible for getting processed by all BeanPostProcessors (for example: not eligible for auto-proxying)
2021-May-17 01:32:55.926   INFO  [main] o.s.c.s.PostProcessorRegistrationDelegate$BeanPostProcessorChecker - Bean 'org.springframework.security.config.annotation.method.configuration.Jsr250MetadataSourceConfiguration' of type [org.springframework.security.config.annotation.method.configuration.Jsr250MetadataSourceConfiguration$$EnhancerBySpringCGLIB$$ef395ae8] is not eligible for getting processed by all BeanPostProcessors (for example: not eligible for auto-proxying)
2021-May-17 01:32:55.929   INFO  [main] o.s.c.s.PostProcessorRegistrationDelegate$BeanPostProcessorChecker - Bean 'jsr250MethodSecurityMetadataSource' of type [org.springframework.security.access.annotation.Jsr250MethodSecurityMetadataSource] is not eligible for getting processed by all BeanPostProcessors (for example: not eligible for auto-proxying)
2021-May-17 01:32:55.930   INFO  [main] o.s.c.s.PostProcessorRegistrationDelegate$BeanPostProcessorChecker - Bean 'methodSecurityMetadataSource' of type [org.springframework.security.access.method.DelegatingMethodSecurityMetadataSource] is not eligible for getting processed by all BeanPostProcessors (for example: not eligible for auto-proxying)
2021-May-17 01:32:56.003   INFO  [main] c.u.j.r.DefaultLazyPropertyResolver - Property Resolver custom Bean not found with name 'encryptablePropertyResolver'. Initializing Default Property Resolver
2021-May-17 01:32:56.005   INFO  [main] c.u.j.d.DefaultLazyPropertyDetector - Property Detector custom Bean not found with name 'encryptablePropertyDetector'. Initializing Default Property Detector
2021-May-17 01:32:56.383   INFO  [main] o.s.b.w.e.t.TomcatWebServer - Tomcat initialized with port(s): 10051 (http)
2021-May-17 01:32:56.403   INFO  [main] o.a.c.h.Http11NioProtocol - Initializing ProtocolHandler ["http-nio-10051"]
2021-May-17 01:32:56.411   INFO  [main] o.a.c.c.StandardService - Starting service [Tomcat]
2021-May-17 01:32:56.417   INFO  [main] o.a.c.c.StandardEngine - Starting Servlet Engine: Apache Tomcat/9.0.12
2021-May-17 01:32:56.431   INFO  [main] o.a.c.c.AprLifecycleListener - The APR based Apache Tomcat Native library which allows optimal performance in production environments was not found on the java.library.path: [/usr/java/packages/lib/amd64:/usr/lib64:/lib64:/lib:/usr/lib]
2021-May-17 01:32:56.516   INFO  [main] o.a.c.c.C.[.[.[/acctadmin] - Initializing Spring embedded WebApplicationContext
2021-May-17 01:32:56.516   INFO  [main] o.s.w.c.ContextLoader - Root WebApplicationContext: initialization completed in 2862 ms
2021-May-17 01:32:57.190   INFO  [main] o.e.j.ConfigurationMerger - Configuration of cache holidayCache will be supplemented by template holiday-template
2021-May-17 01:32:57.279   INFO  [main] o.t.o.p.UpfrontAllocatingPageSource - Allocating 100.0MB in chunks
2021-May-17 01:32:57.399   INFO  [main] o.e.c.EhcacheManager - Cache 'holidayCache' created in EhcacheManager.
2021-May-17 01:32:57.405   INFO  [main] o.e.j.Eh107CacheManager - Registering Ehcache MBean javax.cache:type=CacheStatistics,CacheManager=jar.file./opt/geode-acctadmin-boot-19.14.DEVELOP.01-SNAPSHOT.jar!/BOOT-INF/classes!/ehcache.xml,Cache=holidayCache
2021-May-17 01:32:57.414   INFO  [main] o.e.j.ConfigurationMerger - Configuration of cache countryCache will be supplemented by template country-template
2021-May-17 01:32:57.419   INFO  [main] o.t.o.p.UpfrontAllocatingPageSource - Allocating 100.0MB in chunks
2021-May-17 01:32:57.459   INFO  [main] o.e.c.EhcacheManager - Cache 'countryCache' created in EhcacheManager.
2021-May-17 01:32:57.459   INFO  [main] o.e.j.Eh107CacheManager - Registering Ehcache MBean javax.cache:type=CacheStatistics,CacheManager=jar.file./opt/geode-acctadmin-boot-19.14.DEVELOP.01-SNAPSHOT.jar!/BOOT-INF/classes!/ehcache.xml,Cache=countryCache
2021-May-17 01:32:57.467   INFO  [main] o.e.j.ConfigurationMerger - Configuration of cache calendarCache will be supplemented by template calendar-template
2021-May-17 01:32:57.471   INFO  [main] o.t.o.p.UpfrontAllocatingPageSource - Allocating 100.0MB in chunks
2021-May-17 01:32:57.506   INFO  [main] o.e.c.EhcacheManager - Cache 'calendarCache' created in EhcacheManager.
2021-May-17 01:32:57.506   INFO  [main] o.e.j.Eh107CacheManager - Registering Ehcache MBean javax.cache:type=CacheStatistics,CacheManager=jar.file./opt/geode-acctadmin-boot-19.14.DEVELOP.01-SNAPSHOT.jar!/BOOT-INF/classes!/ehcache.xml,Cache=calendarCache
2021-May-17 01:32:57.515   INFO  [main] o.e.c.EhcacheManager - Cache 'iborSecurityCache' created in EhcacheManager.
2021-May-17 01:32:57.516   INFO  [main] o.e.j.Eh107CacheManager - Registering Ehcache MBean javax.cache:type=CacheStatistics,CacheManager=jar.file./opt/geode-acctadmin-boot-19.14.DEVELOP.01-SNAPSHOT.jar!/BOOT-INF/classes!/ehcache.xml,Cache=iborSecurityCache
2021-May-17 01:32:57.523   INFO  [main] o.e.j.Eh107CacheManager - Registering Ehcache MBean javax.cache:type=CacheStatistics,CacheManager=jar.file./opt/geode-acctadmin-boot-19.14.DEVELOP.01-SNAPSHOT.jar!/BOOT-INF/classes!/ehcache.xml,Cache=calendarCache
2021-May-17 01:32:57.523   INFO  [main] o.e.j.Eh107CacheManager - Registering Ehcache MBean javax.cache:type=CacheStatistics,CacheManager=jar.file./opt/geode-acctadmin-boot-19.14.DEVELOP.01-SNAPSHOT.jar!/BOOT-INF/classes!/ehcache.xml,Cache=holidayCache
2021-May-17 01:32:57.523   INFO  [main] o.e.j.Eh107CacheManager - Registering Ehcache MBean javax.cache:type=CacheStatistics,CacheManager=jar.file./opt/geode-acctadmin-boot-19.14.DEVELOP.01-SNAPSHOT.jar!/BOOT-INF/classes!/ehcache.xml,Cache=countryCache
2021-May-17 01:32:57.524   INFO  [main] o.e.j.Eh107CacheManager - Registering Ehcache MBean javax.cache:type=CacheStatistics,CacheManager=jar.file./opt/geode-acctadmin-boot-19.14.DEVELOP.01-SNAPSHOT.jar!/BOOT-INF/classes!/ehcache.xml,Cache=iborSecurityCache
2021-May-17 01:32:57.572   INFO  [main] c.g.c.l.c.LdapConfig - ##########################################################################
2021-May-17 01:32:57.572   INFO  [main] c.g.c.l.c.LdapConfig - ########################### LDAP context loading #########################
2021-May-17 01:32:57.585   INFO  [main] c.g.c.l.c.LdapConfig - ########################### LDAP context loaded ##########################
2021-May-17 01:32:57.585   INFO  [main] c.g.c.l.c.LdapConfig - ##########################################################################
2021-May-17 01:32:57.651   INFO  [main] c.u.j.e.DefaultLazyEncryptor - String Encryptor custom Bean not found with name 'jasyptStringEncryptor'. Initializing Default String Encryptor
2021-May-17 01:32:57.664   INFO  [main] c.u.j.e.DefaultLazyEncryptor - Encryptor config not found for property jasypt.encryptor.keyObtentionIterations, using default value: 1000
2021-May-17 01:32:57.665   INFO  [main] c.u.j.e.DefaultLazyEncryptor - Encryptor config not found for property jasypt.encryptor.poolSize, using default value: 1
2021-May-17 01:32:57.665   INFO  [main] c.u.j.e.DefaultLazyEncryptor - Encryptor config not found for property jasypt.encryptor.providerName, using default value: null
2021-May-17 01:32:57.665   INFO  [main] c.u.j.e.DefaultLazyEncryptor - Encryptor config not found for property jasypt.encryptor.providerClassName, using default value: null
2021-May-17 01:32:57.666   INFO  [main] c.u.j.e.DefaultLazyEncryptor - Encryptor config not found for property jasypt.encryptor.ivGeneratorClassname, using default value: org.jasypt.salt.NoOpIVGenerator
2021-May-17 01:32:57.672   INFO  [main] c.u.j.e.DefaultLazyEncryptor - Encryptor config not found for property jasypt.encryptor.stringOutputType, using default value: base64
2021-May-17 01:32:58.175   INFO  [main] o.s.b.w.s.FilterRegistrationBean - Mapping filter: 'characterEncodingFilter' to: [/*]
2021-May-17 01:32:58.176   INFO  [main] o.s.b.w.s.FilterRegistrationBean - Mapping filter: 'webMvcMetricsFilter' to: [/*]
2021-May-17 01:32:58.176   INFO  [main] o.s.b.w.s.FilterRegistrationBean - Mapping filter: 'hiddenHttpMethodFilter' to: [/*]
2021-May-17 01:32:58.176   INFO  [main] o.s.b.w.s.FilterRegistrationBean - Mapping filter: 'formContentFilter' to: [/*]
2021-May-17 01:32:58.176   INFO  [main] o.s.b.w.s.FilterRegistrationBean - Mapping filter: 'requestContextFilter' to: [/*]
2021-May-17 01:32:58.176   INFO  [main] o.s.b.w.s.DelegatingFilterProxyRegistrationBean - Mapping filter: 'springSecurityFilterChain' to: [/*]
2021-May-17 01:32:58.176   INFO  [main] o.s.b.w.s.FilterRegistrationBean - Mapping filter: 'httpTraceFilter' to: [/*]
2021-May-17 01:32:58.177   INFO  [main] o.s.b.w.s.FilterRegistrationBean - Mapping filter: 'authenticationFilter' to: [/*]
2021-May-17 01:32:58.177   INFO  [main] o.s.b.w.s.FilterRegistrationBean - Mapping filter: 'mdcFilter' to: [/*]
2021-May-17 01:32:58.177   INFO  [main] o.s.b.w.s.ServletRegistrationBean - Servlet dispatcherServlet mapped to [/]
2021-May-17 01:32:58.206   ERROR [main] o.a.c.v.AccessLogValve - Failed to create directory [/gcm/gcm_sys2home/g_ascor_app/bundle/geode/data/logs/acctadmin] for access logs
2021-May-17 01:32:58.206   ERROR [main] o.a.c.v.AccessLogValve - Failed to create directory [/gcm/gcm_sys2home/g_ascor_app/bundle/geode/data/logs/acctadmin] for access logs
2021-May-17 01:32:58.208   ERROR [main] o.a.c.v.AccessLogValve - Failed to open access log file [/gcm/gcm_sys2home/g_ascor_app/bundle/geode/data/logs/acctadmin/acctadmin_access.2021-05-17.log]
java.io.FileNotFoundException: /gcm/gcm_sys2home/g_ascor_app/bundle/geode/data/logs/acctadmin/acctadmin_access.2021-05-17.log (No such file or directory)
        at java.io.FileOutputStream.open0(Native Method)
        at java.io.FileOutputStream.open(FileOutputStream.java:270)
        at java.io.FileOutputStream.<init>(FileOutputStream.java:213)
        at org.apache.catalina.valves.AccessLogValve.open(AccessLogValve.java:651)
        at org.apache.catalina.valves.AccessLogValve.startInternal(AccessLogValve.java:685)
        at org.apache.catalina.util.LifecycleBase.start(LifecycleBase.java:183)
        at org.apache.catalina.core.StandardPipeline.startInternal(StandardPipeline.java:179)
        at org.apache.catalina.util.LifecycleBase.start(LifecycleBase.java:183)
        at org.apache.catalina.core.ContainerBase.startInternal(ContainerBase.java:965)
        at org.apache.catalina.core.StandardEngine.startInternal(StandardEngine.java:261)
        at org.apache.catalina.util.LifecycleBase.start(LifecycleBase.java:183)
        at org.apache.catalina.core.StandardService.startInternal(StandardService.java:422)
        at org.apache.catalina.util.LifecycleBase.start(LifecycleBase.java:183)
        at org.apache.catalina.core.StandardServer.startInternal(StandardServer.java:770)
        at org.apache.catalina.util.LifecycleBase.start(LifecycleBase.java:183)
        at org.apache.catalina.startup.Tomcat.start(Tomcat.java:370)
        at org.springframework.boot.web.embedded.tomcat.TomcatWebServer.initialize(TomcatWebServer.java:106)
        at org.springframework.boot.web.embedded.tomcat.TomcatWebServer.<init>(TomcatWebServer.java:86)
        at org.springframework.boot.web.embedded.tomcat.TomcatServletWebServerFactory.getTomcatWebServer(TomcatServletWebServerFactory.java:414)
        at org.springframework.boot.web.embedded.tomcat.TomcatServletWebServerFactory.getWebServer(TomcatServletWebServerFactory.java:174)
        at org.springframework.boot.web.servlet.context.ServletWebServerApplicationContext.createWebServer(ServletWebServerApplicationContext.java:179)
        at org.springframework.boot.web.servlet.context.ServletWebServerApplicationContext.onRefresh(ServletWebServerApplicationContext.java:152)
        at org.springframework.context.support.AbstractApplicationContext.refresh(AbstractApplicationContext.java:540)
        at org.springframework.boot.web.servlet.context.ServletWebServerApplicationContext.refresh(ServletWebServerApplicationContext.java:140)
        at org.springframework.boot.SpringApplication.refresh(SpringApplication.java:775)
        at org.springframework.boot.SpringApplication.refreshContext(SpringApplication.java:397)
        at org.springframework.boot.SpringApplication.run(SpringApplication.java:316)
        at org.springframework.boot.SpringApplication.run(SpringApplication.java:1260)
        at org.springframework.boot.SpringApplication.run(SpringApplication.java:1248)
        at com.geode.acctadmin.Application.main(Application.java:16)
        at sun.reflect.NativeMethodAccessorImpl.invoke0(Native Method)
        at sun.reflect.NativeMethodAccessorImpl.invoke(NativeMethodAccessorImpl.java:62)
        at sun.reflect.DelegatingMethodAccessorImpl.invoke(DelegatingMethodAccessorImpl.java:43)
        at java.lang.reflect.Method.invoke(Method.java:497)
        at org.springframework.boot.loader.MainMethodRunner.run(MainMethodRunner.java:48)
        at org.springframework.boot.loader.Launcher.launch(Launcher.java:87)
        at org.springframework.boot.loader.Launcher.launch(Launcher.java:50)
        at org.springframework.boot.loader.JarLauncher.main(JarLauncher.java:51)
2021-May-17 01:32:58.283   INFO  [main] o.h.j.i.u.LogHelper - HHH000204: Processing PersistenceUnitInfo [
        name: default
        ...]
2021-May-17 01:32:58.366   INFO  [main] o.h.Version - HHH000412: Hibernate Core {5.2.5.Final}
2021-May-17 01:32:58.374   INFO  [main] o.h.c.Environment - HHH000206: hibernate.properties not found
2021-May-17 01:32:58.654   INFO  [main] o.h.a.c.Version - HCANN000001: Hibernate Commons Annotations {5.0.1.Final}
2021-May-17 01:32:59.380   INFO  [main] o.h.d.Dialect - HHH000400: Using dialect: org.hibernate.dialect.SQLServerDialect
2021-May-17 01:32:59.925   INFO  [main] o.s.o.j.LocalContainerEntityManagerFactoryBean - Initialized JPA EntityManagerFactory for persistence unit 'default'
2021-May-17 01:33:00.191   INFO  [main] o.h.d.Dialect - HHH000400: Using dialect: org.hibernate.dialect.SQLServerDialect
2021-May-17 01:33:00.584   INFO  [main] o.h.h.i.QueryTranslatorFactoryInitiator - HHH000397: Using ASTQueryTranslatorFactory
2021-May-17 01:33:01.051   INFO  [main] c.g.c.c.s.HolidayService - HolidayService::getHolidays::holidayList.size() :25635
2021-May-17 01:33:01.710   INFO  [main] o.q.i.StdSchedulerFactory - Using default implementation for ThreadExecutor
2021-May-17 01:33:01.733   INFO  [main] o.q.c.SchedulerSignalerImpl - Initialized Scheduler Signaller of type: class org.quartz.core.SchedulerSignalerImpl
2021-May-17 01:33:01.739   INFO  [main] o.q.c.QuartzScheduler - Quartz Scheduler v.2.3.0 created.
2021-May-17 01:33:01.745   INFO  [main] o.q.s.RAMJobStore - RAMJobStore initialized.
2021-May-17 01:33:01.746   INFO  [main] o.q.c.QuartzScheduler - Scheduler meta-data: Quartz Scheduler (v2.3.0) 'GeodeScheduler' with instanceId 'NON_CLUSTERED'
  Scheduler class: 'org.quartz.core.QuartzScheduler' - running locally.
  NOT STARTED.
  Currently in standby mode.
  Number of jobs executed: 0
  Using thread pool 'org.quartz.simpl.SimpleThreadPool' - with 10 threads.
  Using job-store 'org.quartz.simpl.RAMJobStore' - which does not support persistence. and is not clustered.
2021-May-17 01:33:01.752   INFO  [main] o.q.i.StdSchedulerFactory - Quartz scheduler 'GeodeScheduler' initialized from an externally provided properties instance.
2021-May-17 01:33:01.752   INFO  [main] o.q.i.StdSchedulerFactory - Quartz scheduler version: 2.3.0
